INFO - 2024-10-11 02:31:48 --> Session: Class initialized using 'CodeIgniter\Session\Handlers\FileHandler' driver.
INFO - 2024-10-11 02:31:48 --> Session: Class initialized using 'CodeIgniter\Session\Handlers\FileHandler' driver.
INFO - 2024-10-11 02:34:27 --> Session: Class initialized using 'CodeIgniter\Session\Handlers\FileHandler' driver.
INFO - 2024-10-11 02:34:27 --> Session: Class initialized using 'CodeIgniter\Session\Handlers\FileHandler' driver.
INFO - 2024-10-11 02:35:01 --> Session: Class initialized using 'CodeIgniter\Session\Handlers\FileHandler' driver.
INFO - 2024-10-11 02:35:01 --> Session: Class initialized using 'CodeIgniter\Session\Handlers\FileHandler' driver.
INFO - 2024-10-11 02:35:05 --> Session: Class initialized using 'CodeIgniter\Session\Handlers\FileHandler' driver.
INFO - 2024-10-11 02:35:10 --> CSRF token verified.
INFO - 2024-10-11 02:35:10 --> Session: Class initialized using 'CodeIgniter\Session\Handlers\FileHandler' driver.
INFO - 2024-10-11 02:35:11 --> Session: Class initialized using 'CodeIgniter\Session\Handlers\FileHandler' driver.
INFO - 2024-10-11 02:35:14 --> Session: Class initialized using 'CodeIgniter\Session\Handlers\FileHandler' driver.
INFO - 2024-10-11 02:35:17 --> Session: Class initialized using 'CodeIgniter\Session\Handlers\FileHandler' driver.
INFO - 2024-10-11 02:35:19 --> Session: Class initialized using 'CodeIgniter\Session\Handlers\FileHandler' driver.
INFO - 2024-10-11 02:35:20 --> Session: Class initialized using 'CodeIgniter\Session\Handlers\FileHandler' driver.
INFO - 2024-10-11 02:35:20 --> Session: Class initialized using 'CodeIgniter\Session\Handlers\FileHandler' driver.
INFO - 2024-10-11 02:35:21 --> Session: Class initialized using 'CodeIgniter\Session\Handlers\FileHandler' driver.
INFO - 2024-10-11 02:35:21 --> Session: Class initialized using 'CodeIgniter\Session\Handlers\FileHandler' driver.
INFO - 2024-10-11 02:35:26 --> Session: Class initialized using 'CodeIgniter\Session\Handlers\FileHandler' driver.
INFO - 2024-10-11 02:35:28 --> Session: Class initialized using 'CodeIgniter\Session\Handlers\FileHandler' driver.
INFO - 2024-10-11 02:35:30 --> Session: Class initialized using 'CodeIgniter\Session\Handlers\FileHandler' driver.
INFO - 2024-10-11 02:35:32 --> Session: Class initialized using 'CodeIgniter\Session\Handlers\FileHandler' driver.
CRITICAL - 2024-10-11 02:35:32 --> Attempt to read property "id_slider" on null
in APPPATH\Views\admin\slider\edit.php on line 11.
 1 APPPATH\Views\admin\slider\edit.php(11): CodeIgniter\Debug\Exceptions->errorHandler(2, 'Attempt to read property "id_slider" on null', 'D:\\Documents\\PKL\\Web Pribadi\\competent-academy\\competent\\app\\Views\\admin\\slider\\edit.php', 11)
 2 SYSTEMPATH\View\View.php(224): include('D:\\Documents\\PKL\\Web Pribadi\\competent-academy\\competent\\app\\Views\\admin\\slider\\edit.php')
 3 SYSTEMPATH\View\View.php(227): CodeIgniter\View\View->CodeIgniter\View\{closure}()
 4 SYSTEMPATH\Common.php(1180): CodeIgniter\View\View->render('admin/slider/edit', [], true)
 5 APPPATH\Controllers\admin\Slider.php(90): view('admin/slider/edit', [...])
 6 SYSTEMPATH\CodeIgniter.php(932): App\Controllers\admin\Slider->edit('favicon.ico')
 7 SYSTEMPATH\CodeIgniter.php(497): CodeIgniter\CodeIgniter->runController(Object(App\Controllers\admin\Slider))
 8 SYSTEMPATH\CodeIgniter.php(366): CodeIgniter\CodeIgniter->handleRequest(null, Object(Config\Cache), false)
 9 FCPATH\index.php(67): CodeIgniter\CodeIgniter->run()
10 SYSTEMPATH\Commands\Server\rewrite.php(47): require_once('D:\\Documents\\PKL\\Web Pribadi\\competent-academy\\competent\\public\\index.php')
INFO - 2024-10-11 02:52:42 --> CSRF token verified.
INFO - 2024-10-11 02:52:42 --> Session: Class initialized using 'CodeIgniter\Session\Handlers\FileHandler' driver.
INFO - 2024-10-11 02:52:43 --> Session: Class initialized using 'CodeIgniter\Session\Handlers\FileHandler' driver.
INFO - 2024-10-11 02:52:47 --> Session: Class initialized using 'CodeIgniter\Session\Handlers\FileHandler' driver.
INFO - 2024-10-11 02:52:49 --> Session: Class initialized using 'CodeIgniter\Session\Handlers\FileHandler' driver.
CRITICAL - 2024-10-11 02:52:49 --> Attempt to read property "id_slider" on null
in APPPATH\Views\admin\slider\edit.php on line 11.
 1 APPPATH\Views\admin\slider\edit.php(11): CodeIgniter\Debug\Exceptions->errorHandler(2, 'Attempt to read property "id_slider" on null', 'D:\\Documents\\PKL\\Web Pribadi\\competent-academy\\competent\\app\\Views\\admin\\slider\\edit.php', 11)
 2 SYSTEMPATH\View\View.php(224): include('D:\\Documents\\PKL\\Web Pribadi\\competent-academy\\competent\\app\\Views\\admin\\slider\\edit.php')
 3 SYSTEMPATH\View\View.php(227): CodeIgniter\View\View->CodeIgniter\View\{closure}()
 4 SYSTEMPATH\Common.php(1180): CodeIgniter\View\View->render('admin/slider/edit', [], true)
 5 APPPATH\Controllers\admin\Slider.php(90): view('admin/slider/edit', [...])
 6 SYSTEMPATH\CodeIgniter.php(932): App\Controllers\admin\Slider->edit('favicon.ico')
 7 SYSTEMPATH\CodeIgniter.php(497): CodeIgniter\CodeIgniter->runController(Object(App\Controllers\admin\Slider))
 8 SYSTEMPATH\CodeIgniter.php(366): CodeIgniter\CodeIgniter->handleRequest(null, Object(Config\Cache), false)
 9 FCPATH\index.php(67): CodeIgniter\CodeIgniter->run()
10 SYSTEMPATH\Commands\Server\rewrite.php(47): require_once('D:\\Documents\\PKL\\Web Pribadi\\competent-academy\\competent\\public\\index.php')
INFO - 2024-10-11 03:02:25 --> CSRF token verified.
INFO - 2024-10-11 03:02:25 --> Session: Class initialized using 'CodeIgniter\Session\Handlers\FileHandler' driver.
INFO - 2024-10-11 03:02:25 --> Session: Class initialized using 'CodeIgniter\Session\Handlers\FileHandler' driver.
INFO - 2024-10-11 03:05:02 --> Session: Class initialized using 'CodeIgniter\Session\Handlers\FileHandler' driver.
INFO - 2024-10-11 03:05:02 --> Session: Class initialized using 'CodeIgniter\Session\Handlers\FileHandler' driver.
INFO - 2024-10-11 03:05:08 --> Session: Class initialized using 'CodeIgniter\Session\Handlers\FileHandler' driver.
INFO - 2024-10-11 03:05:08 --> Session: Class initialized using 'CodeIgniter\Session\Handlers\FileHandler' driver.
INFO - 2024-10-11 03:06:28 --> Session: Class initialized using 'CodeIgniter\Session\Handlers\FileHandler' driver.
INFO - 2024-10-11 03:06:29 --> Session: Class initialized using 'CodeIgniter\Session\Handlers\FileHandler' driver.
INFO - 2024-10-11 03:06:29 --> Session: Class initialized using 'CodeIgniter\Session\Handlers\FileHandler' driver.
INFO - 2024-10-11 03:06:29 --> Session: Class initialized using 'CodeIgniter\Session\Handlers\FileHandler' driver.
INFO - 2024-10-11 03:07:47 --> Session: Class initialized using 'CodeIgniter\Session\Handlers\FileHandler' driver.
INFO - 2024-10-11 03:07:49 --> Session: Class initialized using 'CodeIgniter\Session\Handlers\FileHandler' driver.
INFO - 2024-10-11 03:07:52 --> Session: Class initialized using 'CodeIgniter\Session\Handlers\FileHandler' driver.
INFO - 2024-10-11 03:11:15 --> Session: Class initialized using 'CodeIgniter\Session\Handlers\FileHandler' driver.
INFO - 2024-10-11 03:11:17 --> Session: Class initialized using 'CodeIgniter\Session\Handlers\FileHandler' driver.
INFO - 2024-10-11 03:11:21 --> Session: Class initialized using 'CodeIgniter\Session\Handlers\FileHandler' driver.
INFO - 2024-10-11 03:11:23 --> Session: Class initialized using 'CodeIgniter\Session\Handlers\FileHandler' driver.
INFO - 2024-10-11 03:11:25 --> Session: Class initialized using 'CodeIgniter\Session\Handlers\FileHandler' driver.
INFO - 2024-10-11 03:11:26 --> Session: Class initialized using 'CodeIgniter\Session\Handlers\FileHandler' driver.
INFO - 2024-10-11 03:12:03 --> Session: Class initialized using 'CodeIgniter\Session\Handlers\FileHandler' driver.
INFO - 2024-10-11 03:12:05 --> Session: Class initialized using 'CodeIgniter\Session\Handlers\FileHandler' driver.
INFO - 2024-10-11 03:12:07 --> Session: Class initialized using 'CodeIgniter\Session\Handlers\FileHandler' driver.
INFO - 2024-10-11 03:12:26 --> Session: Class initialized using 'CodeIgniter\Session\Handlers\FileHandler' driver.
INFO - 2024-10-11 03:13:57 --> Session: Class initialized using 'CodeIgniter\Session\Handlers\FileHandler' driver.
INFO - 2024-10-11 03:14:00 --> Session: Class initialized using 'CodeIgniter\Session\Handlers\FileHandler' driver.
INFO - 2024-10-11 03:14:09 --> Session: Class initialized using 'CodeIgniter\Session\Handlers\FileHandler' driver.
INFO - 2024-10-11 03:14:10 --> Session: Class initialized using 'CodeIgniter\Session\Handlers\FileHandler' driver.
INFO - 2024-10-11 03:14:27 --> Session: Class initialized using 'CodeIgniter\Session\Handlers\FileHandler' driver.
INFO - 2024-10-11 03:14:29 --> Session: Class initialized using 'CodeIgniter\Session\Handlers\FileHandler' driver.
INFO - 2024-10-11 03:14:31 --> Session: Class initialized using 'CodeIgniter\Session\Handlers\FileHandler' driver.
INFO - 2024-10-11 03:14:34 --> Session: Class initialized using 'CodeIgniter\Session\Handlers\FileHandler' driver.
INFO - 2024-10-11 03:14:36 --> Session: Class initialized using 'CodeIgniter\Session\Handlers\FileHandler' driver.
INFO - 2024-10-11 03:15:39 --> CSRF token verified.
INFO - 2024-10-11 03:15:39 --> Session: Class initialized using 'CodeIgniter\Session\Handlers\FileHandler' driver.
INFO - 2024-10-11 03:15:39 --> Session: Class initialized using 'CodeIgniter\Session\Handlers\FileHandler' driver.
INFO - 2024-10-11 03:15:40 --> Session: Class initialized using 'CodeIgniter\Session\Handlers\FileHandler' driver.
INFO - 2024-10-11 03:15:40 --> Session: Class initialized using 'CodeIgniter\Session\Handlers\FileHandler' driver.
INFO - 2024-10-11 03:15:40 --> Session: Class initialized using 'CodeIgniter\Session\Handlers\FileHandler' driver.
INFO - 2024-10-11 03:15:41 --> Session: Class initialized using 'CodeIgniter\Session\Handlers\FileHandler' driver.
INFO - 2024-10-11 03:16:34 --> Session: Class initialized using 'CodeIgniter\Session\Handlers\FileHandler' driver.
INFO - 2024-10-11 03:16:37 --> Session: Class initialized using 'CodeIgniter\Session\Handlers\FileHandler' driver.
INFO - 2024-10-11 03:16:39 --> Session: Class initialized using 'CodeIgniter\Session\Handlers\FileHandler' driver.
CRITICAL - 2024-10-11 03:16:39 --> Attempt to read property "id_slider" on null
in APPPATH\Views\admin\slider\edit.php on line 11.
 1 APPPATH\Views\admin\slider\edit.php(11): CodeIgniter\Debug\Exceptions->errorHandler(2, 'Attempt to read property "id_slider" on null', 'D:\\Documents\\PKL\\Web Pribadi\\competent-academy\\competent\\app\\Views\\admin\\slider\\edit.php', 11)
 2 SYSTEMPATH\View\View.php(224): include('D:\\Documents\\PKL\\Web Pribadi\\competent-academy\\competent\\app\\Views\\admin\\slider\\edit.php')
 3 SYSTEMPATH\View\View.php(227): CodeIgniter\View\View->CodeIgniter\View\{closure}()
 4 SYSTEMPATH\Common.php(1180): CodeIgniter\View\View->render('admin/slider/edit', [], true)
 5 APPPATH\Controllers\admin\Slider.php(90): view('admin/slider/edit', [...])
 6 SYSTEMPATH\CodeIgniter.php(932): App\Controllers\admin\Slider->edit('favicon.ico')
 7 SYSTEMPATH\CodeIgniter.php(497): CodeIgniter\CodeIgniter->runController(Object(App\Controllers\admin\Slider))
 8 SYSTEMPATH\CodeIgniter.php(366): CodeIgniter\CodeIgniter->handleRequest(null, Object(Config\Cache), false)
 9 FCPATH\index.php(67): CodeIgniter\CodeIgniter->run()
10 SYSTEMPATH\Commands\Server\rewrite.php(47): require_once('D:\\Documents\\PKL\\Web Pribadi\\competent-academy\\competent\\public\\index.php')
INFO - 2024-10-11 03:16:59 --> CSRF token verified.
INFO - 2024-10-11 03:16:59 --> Session: Class initialized using 'CodeIgniter\Session\Handlers\FileHandler' driver.
INFO - 2024-10-11 03:17:00 --> Session: Class initialized using 'CodeIgniter\Session\Handlers\FileHandler' driver.
INFO - 2024-10-11 03:17:04 --> Session: Class initialized using 'CodeIgniter\Session\Handlers\FileHandler' driver.
INFO - 2024-10-11 03:17:17 --> Session: Class initialized using 'CodeIgniter\Session\Handlers\FileHandler' driver.
INFO - 2024-10-11 03:17:23 --> Session: Class initialized using 'CodeIgniter\Session\Handlers\FileHandler' driver.
INFO - 2024-10-11 03:17:28 --> Session: Class initialized using 'CodeIgniter\Session\Handlers\FileHandler' driver.
INFO - 2024-10-11 03:17:28 --> Session: Class initialized using 'CodeIgniter\Session\Handlers\FileHandler' driver.
INFO - 2024-10-11 03:17:28 --> Session: Class initialized using 'CodeIgniter\Session\Handlers\FileHandler' driver.
INFO - 2024-10-11 03:17:29 --> Session: Class initialized using 'CodeIgniter\Session\Handlers\FileHandler' driver.
INFO - 2024-10-11 03:21:20 --> CSRF token verified.
INFO - 2024-10-11 03:21:20 --> Session: Class initialized using 'CodeIgniter\Session\Handlers\FileHandler' driver.
INFO - 2024-10-11 03:21:20 --> Session: Class initialized using 'CodeIgniter\Session\Handlers\FileHandler' driver.
INFO - 2024-10-11 03:21:20 --> Session: Class initialized using 'CodeIgniter\Session\Handlers\FileHandler' driver.
INFO - 2024-10-11 03:21:20 --> Session: Class initialized using 'CodeIgniter\Session\Handlers\FileHandler' driver.
INFO - 2024-10-11 03:21:20 --> Session: Class initialized using 'CodeIgniter\Session\Handlers\FileHandler' driver.
INFO - 2024-10-11 03:22:29 --> Session: Class initialized using 'CodeIgniter\Session\Handlers\FileHandler' driver.
INFO - 2024-10-11 03:22:49 --> Session: Class initialized using 'CodeIgniter\Session\Handlers\FileHandler' driver.
INFO - 2024-10-11 03:24:03 --> Session: Class initialized using 'CodeIgniter\Session\Handlers\FileHandler' driver.
INFO - 2024-10-11 03:24:36 --> Session: Class initialized using 'CodeIgniter\Session\Handlers\FileHandler' driver.
INFO - 2024-10-11 03:24:40 --> Session: Class initialized using 'CodeIgniter\Session\Handlers\FileHandler' driver.
INFO - 2024-10-11 03:24:42 --> Session: Class initialized using 'CodeIgniter\Session\Handlers\FileHandler' driver.
INFO - 2024-10-11 03:24:44 --> Session: Class initialized using 'CodeIgniter\Session\Handlers\FileHandler' driver.
INFO - 2024-10-11 03:24:45 --> Session: Class initialized using 'CodeIgniter\Session\Handlers\FileHandler' driver.
INFO - 2024-10-11 03:24:47 --> Session: Class initialized using 'CodeIgniter\Session\Handlers\FileHandler' driver.
INFO - 2024-10-11 03:24:48 --> Session: Class initialized using 'CodeIgniter\Session\Handlers\FileHandler' driver.
INFO - 2024-10-11 03:24:49 --> Session: Class initialized using 'CodeIgniter\Session\Handlers\FileHandler' driver.
INFO - 2024-10-11 03:24:50 --> Session: Class initialized using 'CodeIgniter\Session\Handlers\FileHandler' driver.
INFO - 2024-10-11 03:24:51 --> Session: Class initialized using 'CodeIgniter\Session\Handlers\FileHandler' driver.
INFO - 2024-10-11 03:24:53 --> Session: Class initialized using 'CodeIgniter\Session\Handlers\FileHandler' driver.
INFO - 2024-10-11 03:24:55 --> Session: Class initialized using 'CodeIgniter\Session\Handlers\FileHandler' driver.
INFO - 2024-10-11 05:41:52 --> Session: Class initialized using 'CodeIgniter\Session\Handlers\FileHandler' driver.
INFO - 2024-10-11 05:41:52 --> Session: Class initialized using 'CodeIgniter\Session\Handlers\FileHandler' driver.
INFO - 2024-10-11 05:41:54 --> Session: Class initialized using 'CodeIgniter\Session\Handlers\FileHandler' driver.
INFO - 2024-10-11 05:41:55 --> Session: Class initialized using 'CodeIgniter\Session\Handlers\FileHandler' driver.
INFO - 2024-10-11 05:41:58 --> Session: Class initialized using 'CodeIgniter\Session\Handlers\FileHandler' driver.
INFO - 2024-10-11 05:42:00 --> Session: Class initialized using 'CodeIgniter\Session\Handlers\FileHandler' driver.
INFO - 2024-10-11 05:44:20 --> Session: Class initialized using 'CodeIgniter\Session\Handlers\FileHandler' driver.
INFO - 2024-10-11 05:44:21 --> Session: Class initialized using 'CodeIgniter\Session\Handlers\FileHandler' driver.
INFO - 2024-10-11 05:44:22 --> Session: Class initialized using 'CodeIgniter\Session\Handlers\FileHandler' driver.
INFO - 2024-10-11 05:44:23 --> Session: Class initialized using 'CodeIgniter\Session\Handlers\FileHandler' driver.
INFO - 2024-10-11 05:44:24 --> Session: Class initialized using 'CodeIgniter\Session\Handlers\FileHandler' driver.
INFO - 2024-10-11 05:44:26 --> Session: Class initialized using 'CodeIgniter\Session\Handlers\FileHandler' driver.
INFO - 2024-10-11 05:44:29 --> Session: Class initialized using 'CodeIgniter\Session\Handlers\FileHandler' driver.
INFO - 2024-10-11 05:44:31 --> Session: Class initialized using 'CodeIgniter\Session\Handlers\FileHandler' driver.
INFO - 2024-10-11 05:44:43 --> Session: Class initialized using 'CodeIgniter\Session\Handlers\FileHandler' driver.
INFO - 2024-10-11 05:44:45 --> Session: Class initialized using 'CodeIgniter\Session\Handlers\FileHandler' driver.
INFO - 2024-10-11 05:44:46 --> Session: Class initialized using 'CodeIgniter\Session\Handlers\FileHandler' driver.
INFO - 2024-10-11 05:44:48 --> Session: Class initialized using 'CodeIgniter\Session\Handlers\FileHandler' driver.
INFO - 2024-10-11 05:46:03 --> Session: Class initialized using 'CodeIgniter\Session\Handlers\FileHandler' driver.
INFO - 2024-10-11 05:46:06 --> Session: Class initialized using 'CodeIgniter\Session\Handlers\FileHandler' driver.
INFO - 2024-10-11 05:48:40 --> Session: Class initialized using 'CodeIgniter\Session\Handlers\FileHandler' driver.
CRITICAL - 2024-10-11 05:48:40 --> Call to undefined method App\Models\ProdukModel::where()
in APPPATH\Views\user\layout\navbar.php on line 39.
 1 SYSTEMPATH\View\View.php(224): include()
 2 SYSTEMPATH\View\View.php(227): CodeIgniter\View\View->CodeIgniter\View\{closure}()
 3 SYSTEMPATH\View\View.php(452): CodeIgniter\View\View->render('user/layout/navbar', null, true)
 4 APPPATH\Views\user\template\template.php(96): CodeIgniter\View\View->include('user/layout/navbar')
 5 SYSTEMPATH\View\View.php(224): include('D:\\Documents\\PKL\\Web Pribadi\\competent-academy\\competent\\app\\Views\\user\\template\\template.php')
 6 SYSTEMPATH\View\View.php(227): CodeIgniter\View\View->CodeIgniter\View\{closure}()
 7 SYSTEMPATH\View\View.php(240): CodeIgniter\View\View->render('user/template/template', [], true)
 8 SYSTEMPATH\Common.php(1180): CodeIgniter\View\View->render('user/products/detail', [], true)
 9 APPPATH\Controllers\user\Productsctrl.php(100): view('user/products/detail', [...])
10 SYSTEMPATH\CodeIgniter.php(932): App\Controllers\user\Productsctrl->detail('pelatihan-negosiasi')
11 SYSTEMPATH\CodeIgniter.php(497): CodeIgniter\CodeIgniter->runController(Object(App\Controllers\user\Productsctrl))
12 SYSTEMPATH\CodeIgniter.php(366): CodeIgniter\CodeIgniter->handleRequest(null, Object(Config\Cache), false)
13 FCPATH\index.php(67): CodeIgniter\CodeIgniter->run()
14 SYSTEMPATH\Commands\Server\rewrite.php(47): require_once('D:\\Documents\\PKL\\Web Pribadi\\competent-academy\\competent\\public\\index.php')
INFO - 2024-10-11 05:48:46 --> Session: Class initialized using 'CodeIgniter\Session\Handlers\FileHandler' driver.
CRITICAL - 2024-10-11 05:48:46 --> Call to undefined method App\Models\ProdukModel::where()
in APPPATH\Views\user\layout\navbar.php on line 39.
 1 SYSTEMPATH\View\View.php(224): include()
 2 SYSTEMPATH\View\View.php(227): CodeIgniter\View\View->CodeIgniter\View\{closure}()
 3 SYSTEMPATH\View\View.php(452): CodeIgniter\View\View->render('user/layout/navbar', null, true)
 4 APPPATH\Views\user\template\template.php(96): CodeIgniter\View\View->include('user/layout/navbar')
 5 SYSTEMPATH\View\View.php(224): include('D:\\Documents\\PKL\\Web Pribadi\\competent-academy\\competent\\app\\Views\\user\\template\\template.php')
 6 SYSTEMPATH\View\View.php(227): CodeIgniter\View\View->CodeIgniter\View\{closure}()
 7 SYSTEMPATH\View\View.php(240): CodeIgniter\View\View->render('user/template/template', [], true)
 8 SYSTEMPATH\Common.php(1180): CodeIgniter\View\View->render('user/products/detail', [], true)
 9 APPPATH\Controllers\user\Productsctrl.php(100): view('user/products/detail', [...])
10 SYSTEMPATH\CodeIgniter.php(932): App\Controllers\user\Productsctrl->detail('pelatihan-negosiasi')
11 SYSTEMPATH\CodeIgniter.php(497): CodeIgniter\CodeIgniter->runController(Object(App\Controllers\user\Productsctrl))
12 SYSTEMPATH\CodeIgniter.php(366): CodeIgniter\CodeIgniter->handleRequest(null, Object(Config\Cache), false)
13 FCPATH\index.php(67): CodeIgniter\CodeIgniter->run()
14 SYSTEMPATH\Commands\Server\rewrite.php(47): require_once('D:\\Documents\\PKL\\Web Pribadi\\competent-academy\\competent\\public\\index.php')
INFO - 2024-10-11 05:49:59 --> Session: Class initialized using 'CodeIgniter\Session\Handlers\FileHandler' driver.
CRITICAL - 2024-10-11 05:49:59 --> syntax error, unexpected token "use"
in APPPATH\Views\user\layout\navbar.php on line 16.
 1 SYSTEMPATH\View\View.php(227): CodeIgniter\View\View->CodeIgniter\View\{closure}()
 2 SYSTEMPATH\View\View.php(452): CodeIgniter\View\View->render('user/layout/navbar', null, true)
 3 APPPATH\Views\user\template\template.php(96): CodeIgniter\View\View->include('user/layout/navbar')
 4 SYSTEMPATH\View\View.php(224): include('D:\\Documents\\PKL\\Web Pribadi\\competent-academy\\competent\\app\\Views\\user\\template\\template.php')
 5 SYSTEMPATH\View\View.php(227): CodeIgniter\View\View->CodeIgniter\View\{closure}()
 6 SYSTEMPATH\View\View.php(240): CodeIgniter\View\View->render('user/template/template', [], true)
 7 SYSTEMPATH\Common.php(1180): CodeIgniter\View\View->render('user/products/detail', [], true)
 8 APPPATH\Controllers\user\Productsctrl.php(100): view('user/products/detail', [...])
 9 SYSTEMPATH\CodeIgniter.php(932): App\Controllers\user\Productsctrl->detail('pelatihan-negosiasi')
10 SYSTEMPATH\CodeIgniter.php(497): CodeIgniter\CodeIgniter->runController(Object(App\Controllers\user\Productsctrl))
11 SYSTEMPATH\CodeIgniter.php(366): CodeIgniter\CodeIgniter->handleRequest(null, Object(Config\Cache), false)
12 FCPATH\index.php(67): CodeIgniter\CodeIgniter->run()
13 SYSTEMPATH\Commands\Server\rewrite.php(47): require_once('D:\\Documents\\PKL\\Web Pribadi\\competent-academy\\competent\\public\\index.php')
INFO - 2024-10-11 05:51:19 --> Session: Class initialized using 'CodeIgniter\Session\Handlers\FileHandler' driver.
INFO - 2024-10-11 05:51:22 --> Session: Class initialized using 'CodeIgniter\Session\Handlers\FileHandler' driver.
INFO - 2024-10-11 05:51:24 --> Session: Class initialized using 'CodeIgniter\Session\Handlers\FileHandler' driver.
INFO - 2024-10-11 05:51:25 --> Session: Class initialized using 'CodeIgniter\Session\Handlers\FileHandler' driver.
INFO - 2024-10-11 05:51:26 --> Session: Class initialized using 'CodeIgniter\Session\Handlers\FileHandler' driver.
INFO - 2024-10-11 05:51:28 --> Session: Class initialized using 'CodeIgniter\Session\Handlers\FileHandler' driver.
INFO - 2024-10-11 05:51:29 --> Session: Class initialized using 'CodeIgniter\Session\Handlers\FileHandler' driver.
INFO - 2024-10-11 05:51:32 --> Session: Class initialized using 'CodeIgniter\Session\Handlers\FileHandler' driver.
INFO - 2024-10-11 05:51:34 --> Session: Class initialized using 'CodeIgniter\Session\Handlers\FileHandler' driver.
INFO - 2024-10-11 06:00:20 --> Session: Class initialized using 'CodeIgniter\Session\Handlers\FileHandler' driver.
INFO - 2024-10-11 06:00:21 --> Session: Class initialized using 'CodeIgniter\Session\Handlers\FileHandler' driver.
INFO - 2024-10-11 06:00:28 --> Session: Class initialized using 'CodeIgniter\Session\Handlers\FileHandler' driver.
INFO - 2024-10-11 06:00:32 --> Session: Class initialized using 'CodeIgniter\Session\Handlers\FileHandler' driver.
INFO - 2024-10-11 06:00:33 --> Session: Class initialized using 'CodeIgniter\Session\Handlers\FileHandler' driver.
INFO - 2024-10-11 06:04:06 --> Session: Class initialized using 'CodeIgniter\Session\Handlers\FileHandler' driver.
INFO - 2024-10-11 06:04:07 --> Session: Class initialized using 'CodeIgniter\Session\Handlers\FileHandler' driver.
INFO - 2024-10-11 06:04:08 --> Session: Class initialized using 'CodeIgniter\Session\Handlers\FileHandler' driver.
INFO - 2024-10-11 06:04:10 --> Session: Class initialized using 'CodeIgniter\Session\Handlers\FileHandler' driver.
INFO - 2024-10-11 06:05:25 --> Session: Class initialized using 'CodeIgniter\Session\Handlers\FileHandler' driver.
INFO - 2024-10-11 06:11:12 --> Session: Class initialized using 'CodeIgniter\Session\Handlers\FileHandler' driver.
INFO - 2024-10-11 06:11:12 --> Session: Class initialized using 'CodeIgniter\Session\Handlers\FileHandler' driver.
CRITICAL - 2024-10-11 06:11:12 --> Undefined property: CodeIgniter\View\View::$ProdukModel
in APPPATH\Views\user\layout\navbar.php on line 23.
 1 APPPATH\Views\user\layout\navbar.php(23): CodeIgniter\Debug\Exceptions->errorHandler(2, 'Undefined property: CodeIgniter\\View\\View::$ProdukModel', 'D:\\Documents\\PKL\\Web Pribadi\\competent-academy\\competent\\app\\Views\\user\\layout\\navbar.php', 23)
 2 SYSTEMPATH\View\View.php(224): include('D:\\Documents\\PKL\\Web Pribadi\\competent-academy\\competent\\app\\Views\\user\\layout\\navbar.php')
 3 SYSTEMPATH\View\View.php(227): CodeIgniter\View\View->CodeIgniter\View\{closure}()
 4 SYSTEMPATH\View\View.php(452): CodeIgniter\View\View->render('user/layout/navbar', null, true)
 5 APPPATH\Views\user\template\template.php(96): CodeIgniter\View\View->include('user/layout/navbar')
 6 SYSTEMPATH\View\View.php(224): include('D:\\Documents\\PKL\\Web Pribadi\\competent-academy\\competent\\app\\Views\\user\\template\\template.php')
 7 SYSTEMPATH\View\View.php(227): CodeIgniter\View\View->CodeIgniter\View\{closure}()
 8 SYSTEMPATH\View\View.php(240): CodeIgniter\View\View->render('user/template/template', [], true)
 9 SYSTEMPATH\Common.php(1180): CodeIgniter\View\View->render('user/products/detail', [], true)
10 APPPATH\Controllers\user\Productsctrl.php(107): view('user/products/detail', [...])
11 SYSTEMPATH\CodeIgniter.php(932): App\Controllers\user\Productsctrl->detail('export-training')
12 SYSTEMPATH\CodeIgniter.php(497): CodeIgniter\CodeIgniter->runController(Object(App\Controllers\user\Productsctrl))
13 SYSTEMPATH\CodeIgniter.php(366): CodeIgniter\CodeIgniter->handleRequest(null, Object(Config\Cache), false)
14 FCPATH\index.php(67): CodeIgniter\CodeIgniter->run()
15 SYSTEMPATH\Commands\Server\rewrite.php(47): require_once('D:\\Documents\\PKL\\Web Pribadi\\competent-academy\\competent\\public\\index.php')
INFO - 2024-10-11 06:12:59 --> Session: Class initialized using 'CodeIgniter\Session\Handlers\FileHandler' driver.
CRITICAL - 2024-10-11 06:12:59 --> Undefined variable $produk
in APPPATH\Views\user\layout\navbar.php on line 24.
 1 APPPATH\Views\user\layout\navbar.php(24): CodeIgniter\Debug\Exceptions->errorHandler(2, 'Undefined variable $produk', 'D:\\Documents\\PKL\\Web Pribadi\\competent-academy\\competent\\app\\Views\\user\\layout\\navbar.php', 24)
 2 SYSTEMPATH\View\View.php(224): include('D:\\Documents\\PKL\\Web Pribadi\\competent-academy\\competent\\app\\Views\\user\\layout\\navbar.php')
 3 SYSTEMPATH\View\View.php(227): CodeIgniter\View\View->CodeIgniter\View\{closure}()
 4 SYSTEMPATH\View\View.php(452): CodeIgniter\View\View->render('user/layout/navbar', null, true)
 5 APPPATH\Views\user\template\template.php(96): CodeIgniter\View\View->include('user/layout/navbar')
 6 SYSTEMPATH\View\View.php(224): include('D:\\Documents\\PKL\\Web Pribadi\\competent-academy\\competent\\app\\Views\\user\\template\\template.php')
 7 SYSTEMPATH\View\View.php(227): CodeIgniter\View\View->CodeIgniter\View\{closure}()
 8 SYSTEMPATH\View\View.php(240): CodeIgniter\View\View->render('user/template/template', [], true)
 9 SYSTEMPATH\Common.php(1180): CodeIgniter\View\View->render('user/products/detail', [], true)
10 APPPATH\Controllers\user\Productsctrl.php(107): view('user/products/detail', [...])
11 SYSTEMPATH\CodeIgniter.php(932): App\Controllers\user\Productsctrl->detail('export-training')
12 SYSTEMPATH\CodeIgniter.php(497): CodeIgniter\CodeIgniter->runController(Object(App\Controllers\user\Productsctrl))
13 SYSTEMPATH\CodeIgniter.php(366): CodeIgniter\CodeIgniter->handleRequest(null, Object(Config\Cache), false)
14 FCPATH\index.php(67): CodeIgniter\CodeIgniter->run()
15 SYSTEMPATH\Commands\Server\rewrite.php(47): require_once('D:\\Documents\\PKL\\Web Pribadi\\competent-academy\\competent\\public\\index.php')
INFO - 2024-10-11 06:18:05 --> Session: Class initialized using 'CodeIgniter\Session\Handlers\FileHandler' driver.
CRITICAL - 2024-10-11 06:18:05 --> Only variables should be passed by reference
in APPPATH\Views\user\layout\navbar.php on line 45.
 1 APPPATH\Views\user\layout\navbar.php(45): CodeIgniter\Debug\Exceptions->errorHandler(8, 'Only variables should be passed by reference', 'D:\\Documents\\PKL\\Web Pribadi\\competent-academy\\competent\\app\\Views\\user\\layout\\navbar.php', 45)
 2 SYSTEMPATH\View\View.php(224): include('D:\\Documents\\PKL\\Web Pribadi\\competent-academy\\competent\\app\\Views\\user\\layout\\navbar.php')
 3 SYSTEMPATH\View\View.php(227): CodeIgniter\View\View->CodeIgniter\View\{closure}()
 4 SYSTEMPATH\View\View.php(452): CodeIgniter\View\View->render('user/layout/navbar', null, true)
 5 APPPATH\Views\user\template\template.php(96): CodeIgniter\View\View->include('user/layout/navbar')
 6 SYSTEMPATH\View\View.php(224): include('D:\\Documents\\PKL\\Web Pribadi\\competent-academy\\competent\\app\\Views\\user\\template\\template.php')
 7 SYSTEMPATH\View\View.php(227): CodeIgniter\View\View->CodeIgniter\View\{closure}()
 8 SYSTEMPATH\View\View.php(240): CodeIgniter\View\View->render('user/template/template', [], true)
 9 SYSTEMPATH\Common.php(1180): CodeIgniter\View\View->render('user/products/detail', [], true)
10 APPPATH\Controllers\user\Productsctrl.php(107): view('user/products/detail', [...])
11 SYSTEMPATH\CodeIgniter.php(932): App\Controllers\user\Productsctrl->detail('export-training')
12 SYSTEMPATH\CodeIgniter.php(497): CodeIgniter\CodeIgniter->runController(Object(App\Controllers\user\Productsctrl))
13 SYSTEMPATH\CodeIgniter.php(366): CodeIgniter\CodeIgniter->handleRequest(null, Object(Config\Cache), false)
14 FCPATH\index.php(67): CodeIgniter\CodeIgniter->run()
15 SYSTEMPATH\Commands\Server\rewrite.php(47): require_once('D:\\Documents\\PKL\\Web Pribadi\\competent-academy\\competent\\public\\index.php')
INFO - 2024-10-11 06:18:51 --> Session: Class initialized using 'CodeIgniter\Session\Handlers\FileHandler' driver.
CRITICAL - 2024-10-11 06:18:51 --> Call to undefined function change_slug_based_on_language()
in APPPATH\Views\user\layout\navbar.php on line 52.
 1 SYSTEMPATH\View\View.php(224): include()
 2 SYSTEMPATH\View\View.php(227): CodeIgniter\View\View->CodeIgniter\View\{closure}()
 3 SYSTEMPATH\View\View.php(452): CodeIgniter\View\View->render('user/layout/navbar', null, true)
 4 APPPATH\Views\user\template\template.php(96): CodeIgniter\View\View->include('user/layout/navbar')
 5 SYSTEMPATH\View\View.php(224): include('D:\\Documents\\PKL\\Web Pribadi\\competent-academy\\competent\\app\\Views\\user\\template\\template.php')
 6 SYSTEMPATH\View\View.php(227): CodeIgniter\View\View->CodeIgniter\View\{closure}()
 7 SYSTEMPATH\View\View.php(240): CodeIgniter\View\View->render('user/template/template', [], true)
 8 SYSTEMPATH\Common.php(1180): CodeIgniter\View\View->render('user/products/detail', [], true)
 9 APPPATH\Controllers\user\Productsctrl.php(107): view('user/products/detail', [...])
10 SYSTEMPATH\CodeIgniter.php(932): App\Controllers\user\Productsctrl->detail('export-training')
11 SYSTEMPATH\CodeIgniter.php(497): CodeIgniter\CodeIgniter->runController(Object(App\Controllers\user\Productsctrl))
12 SYSTEMPATH\CodeIgniter.php(366): CodeIgniter\CodeIgniter->handleRequest(null, Object(Config\Cache), false)
13 FCPATH\index.php(67): CodeIgniter\CodeIgniter->run()
14 SYSTEMPATH\Commands\Server\rewrite.php(47): require_once('D:\\Documents\\PKL\\Web Pribadi\\competent-academy\\competent\\public\\index.php')
INFO - 2024-10-11 06:18:59 --> Session: Class initialized using 'CodeIgniter\Session\Handlers\FileHandler' driver.
CRITICAL - 2024-10-11 06:18:59 --> Call to undefined function change_slug_based_on_language()
in APPPATH\Views\user\layout\navbar.php on line 52.
 1 SYSTEMPATH\View\View.php(224): include()
 2 SYSTEMPATH\View\View.php(227): CodeIgniter\View\View->CodeIgniter\View\{closure}()
 3 SYSTEMPATH\View\View.php(452): CodeIgniter\View\View->render('user/layout/navbar', null, true)
 4 APPPATH\Views\user\template\template.php(96): CodeIgniter\View\View->include('user/layout/navbar')
 5 SYSTEMPATH\View\View.php(224): include('D:\\Documents\\PKL\\Web Pribadi\\competent-academy\\competent\\app\\Views\\user\\template\\template.php')
 6 SYSTEMPATH\View\View.php(227): CodeIgniter\View\View->CodeIgniter\View\{closure}()
 7 SYSTEMPATH\View\View.php(240): CodeIgniter\View\View->render('user/template/template', [], true)
 8 SYSTEMPATH\Common.php(1180): CodeIgniter\View\View->render('user/products/detail', [], true)
 9 APPPATH\Controllers\user\Productsctrl.php(107): view('user/products/detail', [...])
10 SYSTEMPATH\CodeIgniter.php(932): App\Controllers\user\Productsctrl->detail('export-training')
11 SYSTEMPATH\CodeIgniter.php(497): CodeIgniter\CodeIgniter->runController(Object(App\Controllers\user\Productsctrl))
12 SYSTEMPATH\CodeIgniter.php(366): CodeIgniter\CodeIgniter->handleRequest(null, Object(Config\Cache), false)
13 FCPATH\index.php(67): CodeIgniter\CodeIgniter->run()
14 SYSTEMPATH\Commands\Server\rewrite.php(47): require_once('D:\\Documents\\PKL\\Web Pribadi\\competent-academy\\competent\\public\\index.php')
INFO - 2024-10-11 06:24:51 --> Session: Class initialized using 'CodeIgniter\Session\Handlers\FileHandler' driver.
CRITICAL - 2024-10-11 06:24:51 --> Cannot use object of type stdClass as array
in APPPATH\Views\user\layout\navbar.php on line 54.
 1 SYSTEMPATH\View\View.php(224): include()
 2 SYSTEMPATH\View\View.php(227): CodeIgniter\View\View->CodeIgniter\View\{closure}()
 3 SYSTEMPATH\View\View.php(452): CodeIgniter\View\View->render('user/layout/navbar', null, true)
 4 APPPATH\Views\user\template\template.php(96): CodeIgniter\View\View->include('user/layout/navbar')
 5 SYSTEMPATH\View\View.php(224): include('D:\\Documents\\PKL\\Web Pribadi\\competent-academy\\competent\\app\\Views\\user\\template\\template.php')
 6 SYSTEMPATH\View\View.php(227): CodeIgniter\View\View->CodeIgniter\View\{closure}()
 7 SYSTEMPATH\View\View.php(240): CodeIgniter\View\View->render('user/template/template', [], true)
 8 SYSTEMPATH\Common.php(1180): CodeIgniter\View\View->render('user/products/detail', [], true)
 9 APPPATH\Controllers\user\Productsctrl.php(107): view('user/products/detail', [...])
10 SYSTEMPATH\CodeIgniter.php(932): App\Controllers\user\Productsctrl->detail('pelatihan-ekspor')
11 SYSTEMPATH\CodeIgniter.php(497): CodeIgniter\CodeIgniter->runController(Object(App\Controllers\user\Productsctrl))
12 SYSTEMPATH\CodeIgniter.php(366): CodeIgniter\CodeIgniter->handleRequest(null, Object(Config\Cache), false)
13 FCPATH\index.php(67): CodeIgniter\CodeIgniter->run()
14 SYSTEMPATH\Commands\Server\rewrite.php(47): require_once('D:\\Documents\\PKL\\Web Pribadi\\competent-academy\\competent\\public\\index.php')
INFO - 2024-10-11 06:24:53 --> Session: Class initialized using 'CodeIgniter\Session\Handlers\FileHandler' driver.
CRITICAL - 2024-10-11 06:24:53 --> Cannot use object of type stdClass as array
in APPPATH\Views\user\layout\navbar.php on line 54.
 1 SYSTEMPATH\View\View.php(224): include()
 2 SYSTEMPATH\View\View.php(227): CodeIgniter\View\View->CodeIgniter\View\{closure}()
 3 SYSTEMPATH\View\View.php(452): CodeIgniter\View\View->render('user/layout/navbar', null, true)
 4 APPPATH\Views\user\template\template.php(96): CodeIgniter\View\View->include('user/layout/navbar')
 5 SYSTEMPATH\View\View.php(224): include('D:\\Documents\\PKL\\Web Pribadi\\competent-academy\\competent\\app\\Views\\user\\template\\template.php')
 6 SYSTEMPATH\View\View.php(227): CodeIgniter\View\View->CodeIgniter\View\{closure}()
 7 SYSTEMPATH\View\View.php(240): CodeIgniter\View\View->render('user/template/template', [], true)
 8 SYSTEMPATH\Common.php(1180): CodeIgniter\View\View->render('user/products/detail', [], true)
 9 APPPATH\Controllers\user\Productsctrl.php(107): view('user/products/detail', [...])
10 SYSTEMPATH\CodeIgniter.php(932): App\Controllers\user\Productsctrl->detail('pelatihan-ekspor')
11 SYSTEMPATH\CodeIgniter.php(497): CodeIgniter\CodeIgniter->runController(Object(App\Controllers\user\Productsctrl))
12 SYSTEMPATH\CodeIgniter.php(366): CodeIgniter\CodeIgniter->handleRequest(null, Object(Config\Cache), false)
13 FCPATH\index.php(67): CodeIgniter\CodeIgniter->run()
14 SYSTEMPATH\Commands\Server\rewrite.php(47): require_once('D:\\Documents\\PKL\\Web Pribadi\\competent-academy\\competent\\public\\index.php')
INFO - 2024-10-11 06:24:54 --> Session: Class initialized using 'CodeIgniter\Session\Handlers\FileHandler' driver.
CRITICAL - 2024-10-11 06:24:54 --> Cannot use object of type stdClass as array
in APPPATH\Views\user\layout\navbar.php on line 54.
 1 SYSTEMPATH\View\View.php(224): include()
 2 SYSTEMPATH\View\View.php(227): CodeIgniter\View\View->CodeIgniter\View\{closure}()
 3 SYSTEMPATH\View\View.php(452): CodeIgniter\View\View->render('user/layout/navbar', null, true)
 4 APPPATH\Views\user\template\template.php(96): CodeIgniter\View\View->include('user/layout/navbar')
 5 SYSTEMPATH\View\View.php(224): include('D:\\Documents\\PKL\\Web Pribadi\\competent-academy\\competent\\app\\Views\\user\\template\\template.php')
 6 SYSTEMPATH\View\View.php(227): CodeIgniter\View\View->CodeIgniter\View\{closure}()
 7 SYSTEMPATH\View\View.php(240): CodeIgniter\View\View->render('user/template/template', [], true)
 8 SYSTEMPATH\Common.php(1180): CodeIgniter\View\View->render('user/products/detail', [], true)
 9 APPPATH\Controllers\user\Productsctrl.php(107): view('user/products/detail', [...])
10 SYSTEMPATH\CodeIgniter.php(932): App\Controllers\user\Productsctrl->detail('pelatihan-ekspor')
11 SYSTEMPATH\CodeIgniter.php(497): CodeIgniter\CodeIgniter->runController(Object(App\Controllers\user\Productsctrl))
12 SYSTEMPATH\CodeIgniter.php(366): CodeIgniter\CodeIgniter->handleRequest(null, Object(Config\Cache), false)
13 FCPATH\index.php(67): CodeIgniter\CodeIgniter->run()
14 SYSTEMPATH\Commands\Server\rewrite.php(47): require_once('D:\\Documents\\PKL\\Web Pribadi\\competent-academy\\competent\\public\\index.php')
INFO - 2024-10-11 06:26:25 --> Session: Class initialized using 'CodeIgniter\Session\Handlers\FileHandler' driver.
CRITICAL - 2024-10-11 06:26:25 --> Undefined variable $url_without_lang
in APPPATH\Views\user\layout\navbar.php on line 65.
 1 APPPATH\Views\user\layout\navbar.php(65): CodeIgniter\Debug\Exceptions->errorHandler(2, 'Undefined variable $url_without_lang', 'D:\\Documents\\PKL\\Web Pribadi\\competent-academy\\competent\\app\\Views\\user\\layout\\navbar.php', 65)
 2 SYSTEMPATH\View\View.php(224): include('D:\\Documents\\PKL\\Web Pribadi\\competent-academy\\competent\\app\\Views\\user\\layout\\navbar.php')
 3 SYSTEMPATH\View\View.php(227): CodeIgniter\View\View->CodeIgniter\View\{closure}()
 4 SYSTEMPATH\View\View.php(452): CodeIgniter\View\View->render('user/layout/navbar', null, true)
 5 APPPATH\Views\user\template\template.php(96): CodeIgniter\View\View->include('user/layout/navbar')
 6 SYSTEMPATH\View\View.php(224): include('D:\\Documents\\PKL\\Web Pribadi\\competent-academy\\competent\\app\\Views\\user\\template\\template.php')
 7 SYSTEMPATH\View\View.php(227): CodeIgniter\View\View->CodeIgniter\View\{closure}()
 8 SYSTEMPATH\View\View.php(240): CodeIgniter\View\View->render('user/template/template', [], true)
 9 SYSTEMPATH\Common.php(1180): CodeIgniter\View\View->render('user/products/detail', [], true)
10 APPPATH\Controllers\user\Productsctrl.php(107): view('user/products/detail', [...])
11 SYSTEMPATH\CodeIgniter.php(932): App\Controllers\user\Productsctrl->detail('pelatihan-ekspor')
12 SYSTEMPATH\CodeIgniter.php(497): CodeIgniter\CodeIgniter->runController(Object(App\Controllers\user\Productsctrl))
13 SYSTEMPATH\CodeIgniter.php(366): CodeIgniter\CodeIgniter->handleRequest(null, Object(Config\Cache), false)
14 FCPATH\index.php(67): CodeIgniter\CodeIgniter->run()
15 SYSTEMPATH\Commands\Server\rewrite.php(47): require_once('D:\\Documents\\PKL\\Web Pribadi\\competent-academy\\competent\\public\\index.php')
INFO - 2024-10-11 06:27:55 --> Session: Class initialized using 'CodeIgniter\Session\Handlers\FileHandler' driver.
INFO - 2024-10-11 06:27:57 --> Session: Class initialized using 'CodeIgniter\Session\Handlers\FileHandler' driver.
INFO - 2024-10-11 06:28:00 --> Session: Class initialized using 'CodeIgniter\Session\Handlers\FileHandler' driver.
INFO - 2024-10-11 06:28:02 --> Session: Class initialized using 'CodeIgniter\Session\Handlers\FileHandler' driver.
INFO - 2024-10-11 06:28:02 --> Session: Class initialized using 'CodeIgniter\Session\Handlers\FileHandler' driver.
INFO - 2024-10-11 06:28:07 --> Session: Class initialized using 'CodeIgniter\Session\Handlers\FileHandler' driver.
INFO - 2024-10-11 06:28:12 --> Session: Class initialized using 'CodeIgniter\Session\Handlers\FileHandler' driver.
INFO - 2024-10-11 06:28:18 --> Session: Class initialized using 'CodeIgniter\Session\Handlers\FileHandler' driver.
INFO - 2024-10-11 06:28:20 --> Session: Class initialized using 'CodeIgniter\Session\Handlers\FileHandler' driver.
INFO - 2024-10-11 06:28:55 --> Session: Class initialized using 'CodeIgniter\Session\Handlers\FileHandler' driver.
INFO - 2024-10-11 06:28:57 --> Session: Class initialized using 'CodeIgniter\Session\Handlers\FileHandler' driver.
INFO - 2024-10-11 06:28:59 --> Session: Class initialized using 'CodeIgniter\Session\Handlers\FileHandler' driver.
INFO - 2024-10-11 06:29:28 --> Session: Class initialized using 'CodeIgniter\Session\Handlers\FileHandler' driver.
INFO - 2024-10-11 06:29:29 --> Session: Class initialized using 'CodeIgniter\Session\Handlers\FileHandler' driver.
INFO - 2024-10-11 06:29:30 --> Session: Class initialized using 'CodeIgniter\Session\Handlers\FileHandler' driver.
INFO - 2024-10-11 06:30:37 --> Session: Class initialized using 'CodeIgniter\Session\Handlers\FileHandler' driver.
INFO - 2024-10-11 06:30:40 --> Session: Class initialized using 'CodeIgniter\Session\Handlers\FileHandler' driver.
INFO - 2024-10-11 06:30:42 --> Session: Class initialized using 'CodeIgniter\Session\Handlers\FileHandler' driver.
INFO - 2024-10-11 06:30:44 --> Session: Class initialized using 'CodeIgniter\Session\Handlers\FileHandler' driver.
INFO - 2024-10-11 06:30:45 --> Session: Class initialized using 'CodeIgniter\Session\Handlers\FileHandler' driver.
INFO - 2024-10-11 06:30:47 --> Session: Class initialized using 'CodeIgniter\Session\Handlers\FileHandler' driver.
INFO - 2024-10-11 06:30:47 --> Session: Class initialized using 'CodeIgniter\Session\Handlers\FileHandler' driver.
INFO - 2024-10-11 06:31:48 --> Session: Class initialized using 'CodeIgniter\Session\Handlers\FileHandler' driver.
INFO - 2024-10-11 06:31:52 --> Session: Class initialized using 'CodeIgniter\Session\Handlers\FileHandler' driver.
INFO - 2024-10-11 06:36:56 --> Session: Class initialized using 'CodeIgniter\Session\Handlers\FileHandler' driver.
INFO - 2024-10-11 06:36:58 --> Session: Class initialized using 'CodeIgniter\Session\Handlers\FileHandler' driver.
INFO - 2024-10-11 06:37:52 --> Session: Class initialized using 'CodeIgniter\Session\Handlers\FileHandler' driver.
INFO - 2024-10-11 06:41:18 --> Session: Class initialized using 'CodeIgniter\Session\Handlers\FileHandler' driver.
CRITICAL - 2024-10-11 06:41:18 --> Undefined variable $lang
in APPPATH\Views\user\products\detail.php on line 5.
 1 APPPATH\Views\user\products\detail.php(5): CodeIgniter\Debug\Exceptions->errorHandler(2, 'Undefined variable $lang', 'D:\\Documents\\PKL\\Web Pribadi\\competent-academy\\competent\\app\\Views\\user\\products\\detail.php', 5)
 2 SYSTEMPATH\View\View.php(224): include('D:\\Documents\\PKL\\Web Pribadi\\competent-academy\\competent\\app\\Views\\user\\products\\detail.php')
 3 SYSTEMPATH\View\View.php(227): CodeIgniter\View\View->CodeIgniter\View\{closure}()
 4 SYSTEMPATH\Common.php(1180): CodeIgniter\View\View->render('user/products/detail', [], true)
 5 APPPATH\Controllers\user\Productsctrl.php(100): view('user/products/detail', [...])
 6 SYSTEMPATH\CodeIgniter.php(932): App\Controllers\user\Productsctrl->detail('pelatihan-negosiasi')
 7 SYSTEMPATH\CodeIgniter.php(497): CodeIgniter\CodeIgniter->runController(Object(App\Controllers\user\Productsctrl))
 8 SYSTEMPATH\CodeIgniter.php(366): CodeIgniter\CodeIgniter->handleRequest(null, Object(Config\Cache), false)
 9 FCPATH\index.php(67): CodeIgniter\CodeIgniter->run()
10 SYSTEMPATH\Commands\Server\rewrite.php(47): require_once('D:\\Documents\\PKL\\Web Pribadi\\competent-academy\\competent\\public\\index.php')
INFO - 2024-10-11 06:41:52 --> Session: Class initialized using 'CodeIgniter\Session\Handlers\FileHandler' driver.
INFO - 2024-10-11 06:41:56 --> Session: Class initialized using 'CodeIgniter\Session\Handlers\FileHandler' driver.
INFO - 2024-10-11 06:41:58 --> Session: Class initialized using 'CodeIgniter\Session\Handlers\FileHandler' driver.
INFO - 2024-10-11 06:41:58 --> Session: Class initialized using 'CodeIgniter\Session\Handlers\FileHandler' driver.
CRITICAL - 2024-10-11 06:41:58 --> Undefined variable $produk
in APPPATH\Views\user\home\index.php on line 11.
 1 APPPATH\Views\user\home\index.php(11): CodeIgniter\Debug\Exceptions->errorHandler(2, 'Undefined variable $produk', 'D:\\Documents\\PKL\\Web Pribadi\\competent-academy\\competent\\app\\Views\\user\\home\\index.php', 11)
 2 SYSTEMPATH\View\View.php(224): include('D:\\Documents\\PKL\\Web Pribadi\\competent-academy\\competent\\app\\Views\\user\\home\\index.php')
 3 SYSTEMPATH\View\View.php(227): CodeIgniter\View\View->CodeIgniter\View\{closure}()
 4 SYSTEMPATH\Common.php(1180): CodeIgniter\View\View->render('user/home/index', [], true)
 5 APPPATH\Controllers\user\Homectrl.php(60): view('user/home/index', [...])
 6 SYSTEMPATH\CodeIgniter.php(932): App\Controllers\user\Homectrl->index()
 7 SYSTEMPATH\CodeIgniter.php(497): CodeIgniter\CodeIgniter->runController(Object(App\Controllers\user\Homectrl))
 8 SYSTEMPATH\CodeIgniter.php(366): CodeIgniter\CodeIgniter->handleRequest(null, Object(Config\Cache), false)
 9 FCPATH\index.php(67): CodeIgniter\CodeIgniter->run()
10 SYSTEMPATH\Commands\Server\rewrite.php(47): require_once('D:\\Documents\\PKL\\Web Pribadi\\competent-academy\\competent\\public\\index.php')
INFO - 2024-10-11 06:42:06 --> Session: Class initialized using 'CodeIgniter\Session\Handlers\FileHandler' driver.
INFO - 2024-10-11 06:45:27 --> Session: Class initialized using 'CodeIgniter\Session\Handlers\FileHandler' driver.
INFO - 2024-10-11 06:45:29 --> Session: Class initialized using 'CodeIgniter\Session\Handlers\FileHandler' driver.
DEBUG - 2024-10-11 06:45:29 --> Generated URL: http://localhost:8080/id/materi-pelatihan/pelatihan-negosiasi
INFO - 2024-10-11 06:45:32 --> Session: Class initialized using 'CodeIgniter\Session\Handlers\FileHandler' driver.
DEBUG - 2024-10-11 06:45:32 --> Generated URL: http://localhost:8080/en/training-topics/negotiation-training
INFO - 2024-10-11 06:47:13 --> Session: Class initialized using 'CodeIgniter\Session\Handlers\FileHandler' driver.
DEBUG - 2024-10-11 06:47:13 --> Generated URL: http://localhost:8080/en/training-topics/negotiation-training
INFO - 2024-10-11 06:54:09 --> Session: Class initialized using 'CodeIgniter\Session\Handlers\FileHandler' driver.
DEBUG - 2024-10-11 06:54:09 --> Generated URL: http://localhost:8080/id/materi-pelatihan/pelatihan-negosiasi
INFO - 2024-10-11 06:57:35 --> Session: Class initialized using 'CodeIgniter\Session\Handlers\FileHandler' driver.
DEBUG - 2024-10-11 06:57:35 --> Generated URL: http://localhost:8080/en/materi-pelatihan/pelatihan-negosiasi
INFO - 2024-10-11 06:57:37 --> Session: Class initialized using 'CodeIgniter\Session\Handlers\FileHandler' driver.
DEBUG - 2024-10-11 06:57:37 --> Generated URL: http://localhost:8080/id/training-topics/negotiation-training
INFO - 2024-10-11 06:57:39 --> Session: Class initialized using 'CodeIgniter\Session\Handlers\FileHandler' driver.
DEBUG - 2024-10-11 06:57:39 --> Generated URL: http://localhost:8080/en/materi-pelatihan/pelatihan-negosiasi
INFO - 2024-10-11 06:57:42 --> Session: Class initialized using 'CodeIgniter\Session\Handlers\FileHandler' driver.
INFO - 2024-10-11 06:57:44 --> Session: Class initialized using 'CodeIgniter\Session\Handlers\FileHandler' driver.
DEBUG - 2024-10-11 06:57:44 --> Generated URL: http://localhost:8080/en/materi-pelatihan/pelatihan-negosiasi
INFO - 2024-10-11 06:57:46 --> Session: Class initialized using 'CodeIgniter\Session\Handlers\FileHandler' driver.
DEBUG - 2024-10-11 06:57:46 --> Generated URL: http://localhost:8080/id/training-topics/negotiation-training
INFO - 2024-10-11 07:01:05 --> Session: Class initialized using 'CodeIgniter\Session\Handlers\FileHandler' driver.
DEBUG - 2024-10-11 07:01:05 --> Generated URL: http://localhost:8080/id/training-topics/negotiation-training
DEBUG - 2024-10-11 07:01:05 --> English URL: http://localhost:8080/id/materi-pelatihan/pelatihan-negosiasi
DEBUG - 2024-10-11 07:01:05 --> Indonesian URL: http://localhost:8080/id/materi-pelatihan/pelatihan-negosiasi
INFO - 2024-10-11 07:01:32 --> Session: Class initialized using 'CodeIgniter\Session\Handlers\FileHandler' driver.
DEBUG - 2024-10-11 07:01:32 --> Generated URL: http://localhost:8080/en/materi-pelatihan/pelatihan-negosiasi
DEBUG - 2024-10-11 07:01:32 --> English URL: http://localhost:8080/en/training-topics/pelatihan-negosiasi
DEBUG - 2024-10-11 07:01:32 --> Indonesian URL: http://localhost:8080/en/training-topics/pelatihan-negosiasi
INFO - 2024-10-11 07:01:36 --> Session: Class initialized using 'CodeIgniter\Session\Handlers\FileHandler' driver.
DEBUG - 2024-10-11 07:01:36 --> Generated URL: http://localhost:8080/en/materi-pelatihan/pelatihan-negosiasi
DEBUG - 2024-10-11 07:01:36 --> English URL: http://localhost:8080/en/training-topics/pelatihan-negosiasi
DEBUG - 2024-10-11 07:01:36 --> Indonesian URL: http://localhost:8080/en/training-topics/pelatihan-negosiasi
INFO - 2024-10-11 07:04:05 --> Session: Class initialized using 'CodeIgniter\Session\Handlers\FileHandler' driver.
DEBUG - 2024-10-11 07:04:05 --> Generated URL: http://localhost:8080/en/materi-pelatihan/pelatihan-negosiasi
DEBUG - 2024-10-11 07:04:05 --> English URL: http://localhost:8080/en/training-topics/pelatihan-negosiasi
DEBUG - 2024-10-11 07:04:05 --> Indonesian URL: http://localhost:8080/en/training-topics/pelatihan-negosiasi
INFO - 2024-10-11 07:04:07 --> Session: Class initialized using 'CodeIgniter\Session\Handlers\FileHandler' driver.
DEBUG - 2024-10-11 07:04:07 --> Generated URL: http://localhost:8080/id/training-topics/negotiation-training
DEBUG - 2024-10-11 07:04:07 --> English URL: http://localhost:8080/id/materi-pelatihan/pelatihan-negosiasi
DEBUG - 2024-10-11 07:04:07 --> Indonesian URL: http://localhost:8080/id/materi-pelatihan/pelatihan-negosiasi
INFO - 2024-10-11 07:05:08 --> Session: Class initialized using 'CodeIgniter\Session\Handlers\FileHandler' driver.
DEBUG - 2024-10-11 07:05:08 --> Generated URL: http://localhost:8080/id/training-topics/negotiation-training
DEBUG - 2024-10-11 07:05:08 --> English URL: http://localhost:8080/id/materi-pelatihan/pelatihan-negosiasi
DEBUG - 2024-10-11 07:05:08 --> Indonesian URL: http://localhost:8080/id/materi-pelatihan/pelatihan-negosiasi
INFO - 2024-10-11 07:05:11 --> Session: Class initialized using 'CodeIgniter\Session\Handlers\FileHandler' driver.
DEBUG - 2024-10-11 07:05:11 --> Generated URL: http://localhost:8080/en/materi-pelatihan/pelatihan-negosiasi
DEBUG - 2024-10-11 07:05:11 --> English URL: http://localhost:8080/en/training-topics/pelatihan-negosiasi
DEBUG - 2024-10-11 07:05:11 --> Indonesian URL: http://localhost:8080/en/training-topics/pelatihan-negosiasi
INFO - 2024-10-11 07:05:13 --> Session: Class initialized using 'CodeIgniter\Session\Handlers\FileHandler' driver.
DEBUG - 2024-10-11 07:05:13 --> Generated URL: http://localhost:8080/id/training-topics/negotiation-training
DEBUG - 2024-10-11 07:05:13 --> English URL: http://localhost:8080/id/materi-pelatihan/pelatihan-negosiasi
DEBUG - 2024-10-11 07:05:13 --> Indonesian URL: http://localhost:8080/id/materi-pelatihan/pelatihan-negosiasi
INFO - 2024-10-11 07:05:15 --> Session: Class initialized using 'CodeIgniter\Session\Handlers\FileHandler' driver.
DEBUG - 2024-10-11 07:05:15 --> English URL: http://localhost:8080/id/
DEBUG - 2024-10-11 07:05:15 --> Indonesian URL: http://localhost:8080/id/
INFO - 2024-10-11 07:05:19 --> Session: Class initialized using 'CodeIgniter\Session\Handlers\FileHandler' driver.
DEBUG - 2024-10-11 07:05:19 --> Generated URL: http://localhost:8080/id/training-topics/digital-marketing-training
DEBUG - 2024-10-11 07:05:19 --> English URL: http://localhost:8080/id/materi-pelatihan/digital-marketing-training
DEBUG - 2024-10-11 07:05:19 --> Indonesian URL: http://localhost:8080/id/materi-pelatihan/digital-marketing-training
INFO - 2024-10-11 07:05:21 --> Session: Class initialized using 'CodeIgniter\Session\Handlers\FileHandler' driver.
DEBUG - 2024-10-11 07:05:21 --> Generated URL: http://localhost:8080/en/materi-pelatihan/pelatihan-pemasaran-digital
DEBUG - 2024-10-11 07:05:21 --> English URL: http://localhost:8080/en/training-topics/digital-marketing-training
DEBUG - 2024-10-11 07:05:21 --> Indonesian URL: http://localhost:8080/en/training-topics/digital-marketing-training
INFO - 2024-10-11 07:05:26 --> Session: Class initialized using 'CodeIgniter\Session\Handlers\FileHandler' driver.
DEBUG - 2024-10-11 07:05:26 --> Generated URL: http://localhost:8080/id/training-topics/digital-marketing-training
DEBUG - 2024-10-11 07:05:26 --> English URL: http://localhost:8080/id/materi-pelatihan/digital-marketing-training
DEBUG - 2024-10-11 07:05:26 --> Indonesian URL: http://localhost:8080/id/materi-pelatihan/digital-marketing-training
INFO - 2024-10-11 07:05:28 --> Session: Class initialized using 'CodeIgniter\Session\Handlers\FileHandler' driver.
DEBUG - 2024-10-11 07:05:28 --> Generated URL: http://localhost:8080/en/materi-pelatihan/pelatihan-pemasaran-digital
DEBUG - 2024-10-11 07:05:28 --> English URL: http://localhost:8080/en/training-topics/digital-marketing-training
DEBUG - 2024-10-11 07:05:28 --> Indonesian URL: http://localhost:8080/en/training-topics/digital-marketing-training
INFO - 2024-10-11 07:05:31 --> Session: Class initialized using 'CodeIgniter\Session\Handlers\FileHandler' driver.
DEBUG - 2024-10-11 07:05:31 --> Generated URL: http://localhost:8080/id/training-topics/digital-marketing-training
DEBUG - 2024-10-11 07:05:31 --> English URL: http://localhost:8080/id/materi-pelatihan/digital-marketing-training
DEBUG - 2024-10-11 07:05:31 --> Indonesian URL: http://localhost:8080/id/materi-pelatihan/digital-marketing-training
INFO - 2024-10-11 07:05:34 --> Session: Class initialized using 'CodeIgniter\Session\Handlers\FileHandler' driver.
DEBUG - 2024-10-11 07:05:34 --> Generated URL: http://localhost:8080/en/materi-pelatihan/pelatihan-pemasaran-digital
DEBUG - 2024-10-11 07:05:34 --> English URL: http://localhost:8080/en/training-topics/digital-marketing-training
DEBUG - 2024-10-11 07:05:34 --> Indonesian URL: http://localhost:8080/en/training-topics/digital-marketing-training
INFO - 2024-10-11 07:05:38 --> Session: Class initialized using 'CodeIgniter\Session\Handlers\FileHandler' driver.
DEBUG - 2024-10-11 07:05:38 --> English URL: http://localhost:8080/en/
DEBUG - 2024-10-11 07:05:38 --> Indonesian URL: http://localhost:8080/en/
INFO - 2024-10-11 07:05:40 --> Session: Class initialized using 'CodeIgniter\Session\Handlers\FileHandler' driver.
DEBUG - 2024-10-11 07:05:40 --> Generated URL: http://localhost:8080/en/materi-pelatihan/pelatihan-pemasaran-digital
DEBUG - 2024-10-11 07:05:40 --> English URL: http://localhost:8080/en/training-topics/pelatihan-pemasaran-digital
DEBUG - 2024-10-11 07:05:40 --> Indonesian URL: http://localhost:8080/en/training-topics/pelatihan-pemasaran-digital
INFO - 2024-10-11 07:05:42 --> Session: Class initialized using 'CodeIgniter\Session\Handlers\FileHandler' driver.
DEBUG - 2024-10-11 07:05:42 --> Generated URL: http://localhost:8080/id/training-topics/digital-marketing-training
DEBUG - 2024-10-11 07:05:42 --> English URL: http://localhost:8080/id/materi-pelatihan/pelatihan-pemasaran-digital
DEBUG - 2024-10-11 07:05:42 --> Indonesian URL: http://localhost:8080/id/materi-pelatihan/pelatihan-pemasaran-digital
INFO - 2024-10-11 07:05:45 --> Session: Class initialized using 'CodeIgniter\Session\Handlers\FileHandler' driver.
DEBUG - 2024-10-11 07:05:45 --> Generated URL: http://localhost:8080/en/materi-pelatihan/pelatihan-pemasaran-digital
DEBUG - 2024-10-11 07:05:45 --> English URL: http://localhost:8080/en/training-topics/pelatihan-pemasaran-digital
DEBUG - 2024-10-11 07:05:45 --> Indonesian URL: http://localhost:8080/en/training-topics/pelatihan-pemasaran-digital
INFO - 2024-10-11 08:56:46 --> Session: Class initialized using 'CodeIgniter\Session\Handlers\FileHandler' driver.
DEBUG - 2024-10-11 08:56:46 --> English URL: http://localhost:8080/en/
DEBUG - 2024-10-11 08:56:46 --> Indonesian URL: http://localhost:8080/en/
