INFO - 2024-10-14 03:41:07 --> Session: Class initialized using 'CodeIgniter\Session\Handlers\FileHandler' driver.
INFO - 2024-10-14 03:41:07 --> Session: Class initialized using 'CodeIgniter\Session\Handlers\FileHandler' driver.
ERROR - 2024-10-14 03:41:25 --> Error connecting to the database: ErrorException: mysqli::real_connect(): Error while reading greeting packet. PID=2180 in D:\Documents\PKL\Web Pribadi\competent-academy\competent\system\Database\MySQLi\Connection.php:173
Stack trace:
#0 [internal function]: CodeIgniter\Debug\Exceptions->errorHandler(2, 'mysqli::real_co...', 'D:\\Documents\\PK...', 173)
#1 D:\Documents\PKL\Web Pribadi\competent-academy\competent\system\Database\MySQLi\Connection.php(173): mysqli->real_connect('localhost', 'root', Object(SensitiveParameterValue), 'u1658729_compet...', 3306, '', 0)
#2 D:\Documents\PKL\Web Pribadi\competent-academy\competent\system\Database\BaseConnection.php(391): CodeIgniter\Database\MySQLi\Connection->connect(false)
#3 D:\Documents\PKL\Web Pribadi\competent-academy\competent\system\Database\BaseConnection.php(574): CodeIgniter\Database\BaseConnection->initialize()
#4 D:\Documents\PKL\Web Pribadi\competent-academy\competent\system\Database\BaseBuilder.php(1616): CodeIgniter\Database\BaseConnection->query('SELECT *\nFROM `...', Array, false)
#5 D:\Documents\PKL\Web Pribadi\competent-academy\competent\system\Model.php(268): CodeIgniter\Database\BaseBuilder->get()
#6 D:\Documents\PKL\Web Pribadi\competent-academy\competent\system\BaseModel.php(656): CodeIgniter\Model->doFirst()
#7 D:\Documents\PKL\Web Pribadi\competent-academy\competent\app\Controllers\user\Homectrl.php(33): CodeIgniter\BaseModel->first()
#8 D:\Documents\PKL\Web Pribadi\competent-academy\competent\system\CodeIgniter.php(932): App\Controllers\user\Homectrl->index()
#9 D:\Documents\PKL\Web Pribadi\competent-academy\competent\system\CodeIgniter.php(497): CodeIgniter\CodeIgniter->runController(Object(App\Controllers\user\Homectrl))
#10 D:\Documents\PKL\Web Pribadi\competent-academy\competent\system\CodeIgniter.php(366): CodeIgniter\CodeIgniter->handleRequest(NULL, Object(Config\Cache), false)
#11 D:\Documents\PKL\Web Pribadi\competent-academy\competent\public\index.php(67): CodeIgniter\CodeIgniter->run()
#12 D:\Documents\PKL\Web Pribadi\competent-academy\competent\system\Commands\Server\rewrite.php(47): require_once('D:\\Documents\\PK...')
#13 {main}

Next mysqli_sql_exception: MySQL server has gone away in D:\Documents\PKL\Web Pribadi\competent-academy\competent\system\Database\MySQLi\Connection.php:173
Stack trace:
#0 D:\Documents\PKL\Web Pribadi\competent-academy\competent\system\Database\MySQLi\Connection.php(173): mysqli->real_connect('localhost', 'root', Object(SensitiveParameterValue), 'u1658729_compet...', 3306, '', 0)
#1 D:\Documents\PKL\Web Pribadi\competent-academy\competent\system\Database\BaseConnection.php(391): CodeIgniter\Database\MySQLi\Connection->connect(false)
#2 D:\Documents\PKL\Web Pribadi\competent-academy\competent\system\Database\BaseConnection.php(574): CodeIgniter\Database\BaseConnection->initialize()
#3 D:\Documents\PKL\Web Pribadi\competent-academy\competent\system\Database\BaseBuilder.php(1616): CodeIgniter\Database\BaseConnection->query('SELECT *\nFROM `...', Array, false)
#4 D:\Documents\PKL\Web Pribadi\competent-academy\competent\system\Model.php(268): CodeIgniter\Database\BaseBuilder->get()
#5 D:\Documents\PKL\Web Pribadi\competent-academy\competent\system\BaseModel.php(656): CodeIgniter\Model->doFirst()
#6 D:\Documents\PKL\Web Pribadi\competent-academy\competent\app\Controllers\user\Homectrl.php(33): CodeIgniter\BaseModel->first()
#7 D:\Documents\PKL\Web Pribadi\competent-academy\competent\system\CodeIgniter.php(932): App\Controllers\user\Homectrl->index()
#8 D:\Documents\PKL\Web Pribadi\competent-academy\competent\system\CodeIgniter.php(497): CodeIgniter\CodeIgniter->runController(Object(App\Controllers\user\Homectrl))
#9 D:\Documents\PKL\Web Pribadi\competent-academy\competent\system\CodeIgniter.php(366): CodeIgniter\CodeIgniter->handleRequest(NULL, Object(Config\Cache), false)
#10 D:\Documents\PKL\Web Pribadi\competent-academy\competent\public\index.php(67): CodeIgniter\CodeIgniter->run()
#11 D:\Documents\PKL\Web Pribadi\competent-academy\competent\system\Commands\Server\rewrite.php(47): require_once('D:\\Documents\\PK...')
#12 {main}

Next CodeIgniter\Database\Exceptions\DatabaseException: MySQL server has gone away in D:\Documents\PKL\Web Pribadi\competent-academy\competent\system\Database\MySQLi\Connection.php:218
Stack trace:
#0 D:\Documents\PKL\Web Pribadi\competent-academy\competent\system\Database\BaseConnection.php(391): CodeIgniter\Database\MySQLi\Connection->connect(false)
#1 D:\Documents\PKL\Web Pribadi\competent-academy\competent\system\Database\BaseConnection.php(574): CodeIgniter\Database\BaseConnection->initialize()
#2 D:\Documents\PKL\Web Pribadi\competent-academy\competent\system\Database\BaseBuilder.php(1616): CodeIgniter\Database\BaseConnection->query('SELECT *\nFROM `...', Array, false)
#3 D:\Documents\PKL\Web Pribadi\competent-academy\competent\system\Model.php(268): CodeIgniter\Database\BaseBuilder->get()
#4 D:\Documents\PKL\Web Pribadi\competent-academy\competent\system\BaseModel.php(656): CodeIgniter\Model->doFirst()
#5 D:\Documents\PKL\Web Pribadi\competent-academy\competent\app\Controllers\user\Homectrl.php(33): CodeIgniter\BaseModel->first()
#6 D:\Documents\PKL\Web Pribadi\competent-academy\competent\system\CodeIgniter.php(932): App\Controllers\user\Homectrl->index()
#7 D:\Documents\PKL\Web Pribadi\competent-academy\competent\system\CodeIgniter.php(497): CodeIgniter\CodeIgniter->runController(Object(App\Controllers\user\Homectrl))
#8 D:\Documents\PKL\Web Pribadi\competent-academy\competent\system\CodeIgniter.php(366): CodeIgniter\CodeIgniter->handleRequest(NULL, Object(Config\Cache), false)
#9 D:\Documents\PKL\Web Pribadi\competent-academy\competent\public\index.php(67): CodeIgniter\CodeIgniter->run()
#10 D:\Documents\PKL\Web Pribadi\competent-academy\competent\system\Commands\Server\rewrite.php(47): require_once('D:\\Documents\\PK...')
#11 {main}
CRITICAL - 2024-10-14 03:41:25 --> Unable to connect to the database.
Main connection [MySQLi]: MySQL server has gone away
in SYSTEMPATH\Database\BaseConnection.php on line 427.
 1 SYSTEMPATH\Database\BaseConnection.php(574): CodeIgniter\Database\BaseConnection->initialize()
 2 SYSTEMPATH\Database\BaseBuilder.php(1616): CodeIgniter\Database\BaseConnection->query('SELECT *
FROM `tb_meta`
WHERE `nama_halaman` = :nama_halaman:
 LIMIT 1', [...], false)
 3 SYSTEMPATH\Model.php(268): CodeIgniter\Database\BaseBuilder->get()
 4 SYSTEMPATH\BaseModel.php(656): CodeIgniter\Model->doFirst()
 5 APPPATH\Controllers\user\Homectrl.php(33): CodeIgniter\BaseModel->first()
 6 SYSTEMPATH\CodeIgniter.php(932): App\Controllers\user\Homectrl->index()
 7 SYSTEMPATH\CodeIgniter.php(497): CodeIgniter\CodeIgniter->runController(Object(App\Controllers\user\Homectrl))
 8 SYSTEMPATH\CodeIgniter.php(366): CodeIgniter\CodeIgniter->handleRequest(null, Object(Config\Cache), false)
 9 FCPATH\index.php(67): CodeIgniter\CodeIgniter->run()
10 SYSTEMPATH\Commands\Server\rewrite.php(47): require_once('D:\\Documents\\PKL\\Web Pribadi\\competent-academy\\competent\\public\\index.php')
